[1129/005939.802:INFO:CONSOLE(0)] "Unchecked runtime.lastError: Not implemented", source: chrome-extension://mhjfbmdgcfjbbpaeojofohoefgiehjai/index.html (0)
[1129/010129.116:INFO:CONSOLE(0)] "Unchecked runtime.lastError: Not implemented", source: chrome-extension://mhjfbmdgcfjbbpaeojofohoefgiehjai/index.html (0)
[1129/011346.234:INFO:CONSOLE(0)] "Unchecked runtime.lastError: Not implemented", source: chrome-extension://mhjfbmdgcfjbbpaeojofohoefgiehjai/index.html (0)
[1129/011425.325:INFO:CONSOLE(0)] "Unchecked runtime.lastError: Not implemented", source: chrome-extension://mhjfbmdgcfjbbpaeojofohoefgiehjai/index.html (0)
[1129/011510.630:INFO:CONSOLE(0)] "Unchecked runtime.lastError: Not implemented", source: chrome-extension://mhjfbmdgcfjbbpaeojofohoefgiehjai/index.html (0)
[1129/011517.404:INFO:CONSOLE(0)] "Unchecked runtime.lastError: Not implemented", source: chrome-extension://mhjfbmdgcfjbbpaeojofohoefgiehjai/index.html (0)
[1129/011625.451:INFO:CONSOLE(0)] "Unchecked runtime.lastError: Not implemented", source: chrome-extension://mhjfbmdgcfjbbpaeojofohoefgiehjai/index.html (0)
[1129/011700.390:INFO:CONSOLE(0)] "Unchecked runtime.lastError: Not implemented", source: chrome-extension://mhjfbmdgcfjbbpaeojofohoefgiehjai/index.html (0)
[1129/011752.135:INFO:CONSOLE(0)] "Unchecked runtime.lastError: Not implemented", source: chrome-extension://mhjfbmdgcfjbbpaeojofohoefgiehjai/index.html (0)
[1129/011909.825:INFO:CONSOLE(0)] "Unchecked runtime.lastError: Not implemented", source: chrome-extension://mhjfbmdgcfjbbpaeojofohoefgiehjai/index.html (0)
[1129/012218.269:INFO:CONSOLE(0)] "Unchecked runtime.lastError: Not implemented", source: chrome-extension://mhjfbmdgcfjbbpaeojofohoefgiehjai/index.html (0)
[1129/012221.016:INFO:CONSOLE(0)] "Unchecked runtime.lastError: Not implemented", source: chrome-extension://mhjfbmdgcfjbbpaeojofohoefgiehjai/index.html (0)
[1129/012451.322:INFO:CONSOLE(0)] "Unchecked runtime.lastError: Not implemented", source: chrome-extension://mhjfbmdgcfjbbpaeojofohoefgiehjai/index.html (0)
[1129/012507.887:INFO:CONSOLE(0)] "Unchecked runtime.lastError: Not implemented", source: chrome-extension://mhjfbmdgcfjbbpaeojofohoefgiehjai/index.html (0)
[1129/012626.533:INFO:CONSOLE(0)] "Unchecked runtime.lastError: Not implemented", source: chrome-extension://mhjfbmdgcfjbbpaeojofohoefgiehjai/index.html (0)
[1129/012738.847:INFO:CONSOLE(0)] "Unchecked runtime.lastError: Not implemented", source: chrome-extension://mhjfbmdgcfjbbpaeojofohoefgiehjai/index.html (0)
[1129/012754.565:INFO:CONSOLE(0)] "Unchecked runtime.lastError: Not implemented", source: chrome-extension://mhjfbmdgcfjbbpaeojofohoefgiehjai/index.html (0)
[1129/012938.057:ERROR:gpu_init.cc(453)] Passthrough is not supported, GL is disabled, ANGLE is 
[1201/224822.222:INFO:CONSOLE(0)] "Unchecked runtime.lastError: Not implemented", source: chrome-extension://mhjfbmdgcfjbbpaeojofohoefgiehjai/index.html (0)
[1201/230937.417:INFO:CONSOLE(0)] "Unchecked runtime.lastError: Not implemented", source: chrome-extension://mhjfbmdgcfjbbpaeojofohoefgiehjai/index.html (0)
[1201/234645.766:INFO:CONSOLE(0)] "Unchecked runtime.lastError: Not implemented", source: chrome-extension://mhjfbmdgcfjbbpaeojofohoefgiehjai/index.html (0)
[1201/235209.689:INFO:CONSOLE(0)] "Unchecked runtime.lastError: Not implemented", source: chrome-extension://mhjfbmdgcfjbbpaeojofohoefgiehjai/index.html (0)
[1201/235344.461:INFO:CONSOLE(0)] "Unchecked runtime.lastError: Not implemented", source: chrome-extension://mhjfbmdgcfjbbpaeojofohoefgiehjai/index.html (0)
[1202/003329.796:INFO:CONSOLE(0)] "Unchecked runtime.lastError: Not implemented", source: chrome-extension://mhjfbmdgcfjbbpaeojofohoefgiehjai/index.html (0)
[1203/213225.745:INFO:CONSOLE(0)] "Unchecked runtime.lastError: Not implemented", source: chrome-extension://mhjfbmdgcfjbbpaeojofohoefgiehjai/index.html (0)
[1203/213424.135:ERROR:gpu_init.cc(453)] Passthrough is not supported, GL is disabled, ANGLE is 
[1203/215043.579:INFO:CONSOLE(0)] "Unchecked runtime.lastError: Not implemented", source: chrome-extension://mhjfbmdgcfjbbpaeojofohoefgiehjai/index.html (0)
[1203/215233.975:INFO:CONSOLE(0)] "Unchecked runtime.lastError: Not implemented", source: chrome-extension://mhjfbmdgcfjbbpaeojofohoefgiehjai/index.html (0)
[1203/215505.034:INFO:CONSOLE(0)] "Unchecked runtime.lastError: Not implemented", source: chrome-extension://mhjfbmdgcfjbbpaeojofohoefgiehjai/index.html (0)
[1203/215735.969:INFO:CONSOLE(0)] "Unchecked runtime.lastError: Not implemented", source: chrome-extension://mhjfbmdgcfjbbpaeojofohoefgiehjai/index.html (0)
[1203/221112.245:INFO:CONSOLE(0)] "Unchecked runtime.lastError: Not implemented", source: chrome-extension://mhjfbmdgcfjbbpaeojofohoefgiehjai/index.html (0)
[1203/221130.958:INFO:CONSOLE(0)] "Unchecked runtime.lastError: Not implemented", source: chrome-extension://mhjfbmdgcfjbbpaeojofohoefgiehjai/index.html (0)
[1203/221436.072:INFO:CONSOLE(0)] "Unchecked runtime.lastError: Not implemented", source: chrome-extension://mhjfbmdgcfjbbpaeojofohoefgiehjai/index.html (0)
[1203/221443.461:INFO:CONSOLE(0)] "Unchecked runtime.lastError: Not implemented", source: chrome-extension://mhjfbmdgcfjbbpaeojofohoefgiehjai/index.html (0)
[1203/221449.295:INFO:CONSOLE(0)] "Unchecked runtime.lastError: Not implemented", source: chrome-extension://mhjfbmdgcfjbbpaeojofohoefgiehjai/index.html (0)
[1203/221459.599:INFO:CONSOLE(0)] "Unchecked runtime.lastError: Not implemented", source: chrome-extension://mhjfbmdgcfjbbpaeojofohoefgiehjai/index.html (0)
[1203/221538.705:INFO:CONSOLE(0)] "Unchecked runtime.lastError: Not implemented", source: chrome-extension://mhjfbmdgcfjbbpaeojofohoefgiehjai/index.html (0)
[1203/221559.187:INFO:CONSOLE(0)] "Unchecked runtime.lastError: Not implemented", source: chrome-extension://mhjfbmdgcfjbbpaeojofohoefgiehjai/index.html (0)
[1203/221634.531:ERROR:gpu_init.cc(453)] Passthrough is not supported, GL is disabled, ANGLE is 
[1203/230334.576:INFO:CONSOLE(0)] "Unchecked runtime.lastError: Not implemented", source: chrome-extension://mhjfbmdgcfjbbpaeojofohoefgiehjai/index.html (0)
[1203/230444.920:INFO:CONSOLE(0)] "Unchecked runtime.lastError: Not implemented", source: chrome-extension://mhjfbmdgcfjbbpaeojofohoefgiehjai/index.html (0)
[1203/230532.499:ERROR:gpu_init.cc(453)] Passthrough is not supported, GL is disabled, ANGLE is 
[1203/230951.461:INFO:CONSOLE(0)] "Unchecked runtime.lastError: Not implemented", source: chrome-extension://mhjfbmdgcfjbbpaeojofohoefgiehjai/index.html (0)
[1203/230958.693:INFO:CONSOLE(0)] "Unchecked runtime.lastError: Not implemented", source: chrome-extension://mhjfbmdgcfjbbpaeojofohoefgiehjai/index.html (0)
[1203/231001.495:INFO:CONSOLE(0)] "Unchecked runtime.lastError: Not implemented", source: chrome-extension://mhjfbmdgcfjbbpaeojofohoefgiehjai/index.html (0)
[1203/231004.973:INFO:CONSOLE(0)] "Unchecked runtime.lastError: Not implemented", source: chrome-extension://mhjfbmdgcfjbbpaeojofohoefgiehjai/index.html (0)
[1203/231149.715:ERROR:gpu_init.cc(453)] Passthrough is not supported, GL is disabled, ANGLE is 
[1204/003311.959:INFO:CONSOLE(0)] "Unchecked runtime.lastError: Not implemented", source: chrome-extension://mhjfbmdgcfjbbpaeojofohoefgiehjai/index.html (0)
[1206/000526.531:INFO:CONSOLE(0)] "Unchecked runtime.lastError: Not implemented", source: chrome-extension://mhjfbmdgcfjbbpaeojofohoefgiehjai/index.html (0)
[1211/121759.407:INFO:CONSOLE(0)] "Unchecked runtime.lastError: Not implemented", source: chrome-extension://mhjfbmdgcfjbbpaeojofohoefgiehjai/index.html (0)
[1211/121828.706:INFO:CONSOLE(0)] "Unchecked runtime.lastError: Not implemented", source: chrome-extension://mhjfbmdgcfjbbpaeojofohoefgiehjai/index.html (0)
[1211/121956.702:ERROR:gpu_init.cc(453)] Passthrough is not supported, GL is disabled, ANGLE is 
[1211/184141.617:INFO:CONSOLE(0)] "Unchecked runtime.lastError: Not implemented", source: chrome-extension://mhjfbmdgcfjbbpaeojofohoefgiehjai/index.html (0)
[1211/184146.131:INFO:CONSOLE(0)] "Unchecked runtime.lastError: Not implemented", source: chrome-extension://mhjfbmdgcfjbbpaeojofohoefgiehjai/index.html (0)
[1211/184339.573:ERROR:gpu_init.cc(453)] Passthrough is not supported, GL is disabled, ANGLE is 
[1212/032156.320:ERROR:command_buffer_proxy_impl.cc(328)] GPU state invalid after WaitForGetOffsetInRange.
[1212/032156.328:ERROR:gpu_process_host.cc(979)] GPU process exited unexpectedly: exit_code=1073807364
[1212/032156.328:WARNING:gpu_process_host.cc(1292)] The GPU process has crashed 1 time(s)
[1212/032156.332:ERROR:network_service_instance_impl.cc(638)] Network service crashed, restarting service.
[1212/175151.538:INFO:CONSOLE(0)] "Unchecked runtime.lastError: Not implemented", source: chrome-extension://mhjfbmdgcfjbbpaeojofohoefgiehjai/index.html (0)
[1212/175349.192:ERROR:gpu_init.cc(453)] Passthrough is not supported, GL is disabled, ANGLE is 
[1212/194452.639:INFO:CONSOLE(0)] "Unchecked runtime.lastError: Not implemented", source: chrome-extension://mhjfbmdgcfjbbpaeojofohoefgiehjai/index.html (0)
[1212/194649.293:ERROR:gpu_init.cc(453)] Passthrough is not supported, GL is disabled, ANGLE is 
[1231/201429.480:INFO:CONSOLE(0)] "Unchecked runtime.lastError: Not implemented", source: chrome-extension://mhjfbmdgcfjbbpaeojofohoefgiehjai/index.html (0)
[1231/205625.478:INFO:CONSOLE(0)] "Unchecked runtime.lastError: Not implemented", source: chrome-extension://mhjfbmdgcfjbbpaeojofohoefgiehjai/index.html (0)
[1231/205720.289:INFO:CONSOLE(0)] "Unchecked runtime.lastError: Not implemented", source: chrome-extension://mhjfbmdgcfjbbpaeojofohoefgiehjai/index.html (0)
[1231/205728.035:INFO:CONSOLE(0)] "Unchecked runtime.lastError: Not implemented", source: chrome-extension://mhjfbmdgcfjbbpaeojofohoefgiehjai/index.html (0)
[1231/205823.121:ERROR:gpu_init.cc(453)] Passthrough is not supported, GL is disabled, ANGLE is 
[0103/002036.574:INFO:CONSOLE(0)] "Unchecked runtime.lastError: Not implemented", source: chrome-extension://mhjfbmdgcfjbbpaeojofohoefgiehjai/index.html (0)
[0103/002048.806:INFO:CONSOLE(0)] "Unchecked runtime.lastError: Not implemented", source: chrome-extension://mhjfbmdgcfjbbpaeojofohoefgiehjai/index.html (0)
[0103/002234.108:ERROR:gpu_init.cc(453)] Passthrough is not supported, GL is disabled, ANGLE is 
